<?xml version="1.0" encoding="UTF-8"?>
<!-- Generated by org.testng.reporters.JUnitReportReporter -->
<testsuite hostname="MT-PF185WZ2" failures="0" tests="1" name="testRunner2" time="5.464" errors="0" timestamp="2021-09-20T10:26:19 IST" skipped="0">
  <testcase classname="testRunner2" name="SingleTest" time="5.464"/>
  <system-out/>
</testsuite> <!-- testRunner2 -->
