<?xml version="1.0" encoding="UTF-8"?>
<!-- Generated by org.testng.reporters.JUnitReportReporter -->
<testsuite hostname="MT-PF185WZ2" failures="0" tests="1" name="restRunner" time="14.073" errors="0" timestamp="2021-09-20T11:25:27 IST" skipped="0">
  <testcase classname="restRunner" name="ApiTest" time="14.073"/>
  <system-out/>
</testsuite> <!-- restRunner -->
