<?xml version="1.0" encoding="UTF-8"?>
<!-- Generated by org.testng.reporters.JUnitReportReporter -->
<testsuite hostname="MT-PF185WZ2" failures="0" tests="1" name="REST.restRunner" time="17.338" errors="0" timestamp="2021-09-20T13:13:40 IST" skipped="0">
  <testcase classname="REST.restRunner" name="ApiTest" time="17.338"/>
  <system-out/>
</testsuite> <!-- REST.restRunner -->
